2024-12-01 09:24:17,719 [Worker-4: Loading available Gradle versions] INFO  o.e.b.c.i.u.g.PublishedGradleVersions - Gradle version information cache is up-to-date. Trying to read.
2024-12-01 09:24:56,050 [Worker-0: Importing Maven projects] INFO  o.e.m.c.i.l.LifecycleMappingFactory - Using org.eclipse.m2e.jdt.JarLifecycleMapping lifecycle mapping for MavenProject: org.springframework.samples:spring-petclinic:3.4.0-SNAPSHOT @ C:\Users\timli\Documents\demo\pom.xml.
2024-12-01 09:24:57,876 [Worker-0: Importing Maven projects] INFO  o.e.m.j.i.AbstractJavaProjectConfigurator - Adding source folder /spring-petclinic/src/main/java
2024-12-01 09:24:57,879 [Worker-0: Importing Maven projects] INFO  o.e.m.j.i.AbstractJavaProjectConfigurator - Adding resource folder /spring-petclinic/src/main/resources
2024-12-01 09:24:57,879 [Worker-0: Importing Maven projects] INFO  o.e.m.j.i.AbstractJavaProjectConfigurator - Adding resource folder /spring-petclinic/src/main/resources
2024-12-01 09:24:57,880 [Worker-0: Importing Maven projects] INFO  o.e.m.j.i.AbstractJavaProjectConfigurator - Adding source folder /spring-petclinic/src/test/java
2024-12-01 09:24:57,881 [Worker-0: Importing Maven projects] INFO  o.e.m.j.i.AbstractJavaProjectConfigurator - Adding resource folder /spring-petclinic/src/test/resources
2024-12-01 09:24:58,246 [Worker-0: Importing Maven projects] INFO  o.e.m.c.i.p.ProjectConfigurationManager - Imported and configured 1 project(s) in 4 sec
2024-12-01 09:24:58,537 [Worker-16: Updating Maven Project] INFO  o.e.m.c.i.p.ProjectConfigurationManager - Update started
2024-12-01 09:24:59,276 [Worker-16: Updating Maven Project] INFO  o.e.m.c.i.l.LifecycleMappingFactory - Using org.eclipse.m2e.jdt.JarLifecycleMapping lifecycle mapping for MavenProject: org.springframework.samples:spring-petclinic:3.4.0-SNAPSHOT @ C:\Users\timli\Documents\demo\pom.xml.
2024-12-01 09:25:00,556 [Worker-16: Updating Maven Project] INFO  o.e.m.j.i.AbstractJavaProjectConfigurator - Adding source folder /spring-petclinic/src/main/java
2024-12-01 09:25:00,556 [Worker-16: Updating Maven Project] INFO  o.e.m.j.i.AbstractJavaProjectConfigurator - Adding resource folder /spring-petclinic/src/main/resources
2024-12-01 09:25:00,557 [Worker-16: Updating Maven Project] INFO  o.e.m.j.i.AbstractJavaProjectConfigurator - Adding resource folder /spring-petclinic/src/main/resources
2024-12-01 09:25:00,557 [Worker-16: Updating Maven Project] INFO  o.e.m.j.i.AbstractJavaProjectConfigurator - Adding source folder /spring-petclinic/src/test/java
2024-12-01 09:25:00,558 [Worker-16: Updating Maven Project] INFO  o.e.m.j.i.AbstractJavaProjectConfigurator - Adding resource folder /spring-petclinic/src/test/resources
2024-12-01 09:25:01,053 [Worker-16: Updating Maven Project] INFO  o.e.m.c.i.p.ProjectConfigurationManager - Update completed for 1 poms: local refresh takes 0.00 sec, refresh facades takes 1.00 sec, update config takes 0.00 sec 
2024-12-01 09:25:01,657 [Worker-12: Building] INFO  o.e.m.c.i.embedder.EclipseLogger - dotGitDirectory is null, aborting execution!
2024-12-01 09:25:01,739 [Worker-12: Building] INFO  o.e.m.c.i.embedder.EclipseLogger - Collected git.build.time with value 2024-11-28T06:37:52-08:00
2024-12-01 09:25:01,740 [Worker-12: Building] INFO  o.e.m.c.i.embedder.EclipseLogger - Collected git.build.version with value 3.4.0-SNAPSHOT
2024-12-01 09:25:01,744 [Worker-12: Building] INFO  o.e.m.c.i.embedder.EclipseLogger - Collected git.build.host with value MSI
2024-12-01 09:25:01,745 [Worker-12: Building] INFO  o.e.m.c.i.embedder.EclipseLogger - including property 'git.build.version' in results
2024-12-01 09:25:01,745 [Worker-12: Building] INFO  o.e.m.c.i.embedder.EclipseLogger - including property 'git.build.host' in results
2024-12-01 09:25:01,745 [Worker-12: Building] INFO  o.e.m.c.i.embedder.EclipseLogger - including property 'git.build.time' in results
2024-12-01 09:25:01,747 [Worker-12: Building] INFO  o.e.m.c.i.embedder.EclipseLogger - Writing properties file [C:\Users\timli\Documents\demo\target\classes\git.properties] (for project petclinic)...
2024-12-01 09:25:01,859 [Worker-12: Building] INFO  o.a.m.s.f.DefaultMavenResourcesFiltering - Copying 1 resource from src\main\resources to target\classes
2024-12-01 09:25:01,872 [Worker-12: Building] INFO  o.a.m.s.f.DefaultMavenResourcesFiltering - Copying 0 resource from src\main\resources to target\classes
2024-12-01 09:25:01,878 [Worker-12: Building] INFO  o.a.m.s.f.DefaultMavenResourcesFiltering - skip non existing resourceDirectory C:\Users\timli\Documents\demo\src\test\resources
